<?xml version="1.0" encoding="UTF-8"?>
<testsuite xmlns:xsi="http://www.w3.org/2001/XMLSchema-instance" xsi:noNamespaceSchemaLocation="https://maven.apache.org/surefire/maven-surefire-plugin/xsd/surefire-test-report.xsd" name="com.cbd3.AppTest" time="0.02" tests="1" errors="0" skipped="0" failures="0">
  <properties>
    <property name="sun.desktop" value="gnome"/>
    <property name="awt.toolkit" value="sun.awt.X11.XToolkit"/>
    <property name="java.specification.version" value="11"/>
    <property name="sun.cpu.isalist" value=""/>
    <property name="sun.jnu.encoding" value="UTF-8"/>
    <property name="java.class.path" value="/home/mariana/Desktop/CBD/CBD-Classes/Lab3/demo/target/test-classes:/home/mariana/Desktop/CBD/CBD-Classes/Lab3/demo/target/classes:/home/mariana/.m2/repository/junit/junit/4.11/junit-4.11.jar:/home/mariana/.m2/repository/org/hamcrest/hamcrest-core/1.3/hamcrest-core-1.3.jar:/home/mariana/.m2/repository/org/slf4j/slf4j-api/1.7.5/slf4j-api-1.7.5.jar:/home/mariana/.m2/repository/com/datastax/cassandra/cassandra-driver-core/2.0.2/cassandra-driver-core-2.0.2.jar:/home/mariana/.m2/repository/com/google/guava/guava/16.0.1/guava-16.0.1.jar:/home/mariana/.m2/repository/org/cassandraunit/cassandra-unit/3.0.0.1/cassandra-unit-3.0.0.1.jar:/home/mariana/.m2/repository/org/apache/cassandra/cassandra-all/3.4/cassandra-all-3.4.jar:/home/mariana/.m2/repository/org/xerial/snappy/snappy-java/1.1.1.7/snappy-java-1.1.1.7.jar:/home/mariana/.m2/repository/net/jpountz/lz4/lz4/1.3.0/lz4-1.3.0.jar:/home/mariana/.m2/repository/com/ning/compress-lzf/0.8.4/compress-lzf-0.8.4.jar:/home/mariana/.m2/repository/commons-cli/commons-cli/1.1/commons-cli-1.1.jar:/home/mariana/.m2/repository/commons-codec/commons-codec/1.2/commons-codec-1.2.jar:/home/mariana/.m2/repository/org/apache/commons/commons-math3/3.2/commons-math3-3.2.jar:/home/mariana/.m2/repository/com/googlecode/concurrentlinkedhashmap/concurrentlinkedhashmap-lru/1.4/concurrentlinkedhashmap-lru-1.4.jar:/home/mariana/.m2/repository/org/antlr/antlr/3.5.2/antlr-3.5.2.jar:/home/mariana/.m2/repository/org/antlr/ST4/4.0.8/ST4-4.0.8.jar:/home/mariana/.m2/repository/org/antlr/antlr-runtime/3.5.2/antlr-runtime-3.5.2.jar:/home/mariana/.m2/repository/org/slf4j/jcl-over-slf4j/1.7.7/jcl-over-slf4j-1.7.7.jar:/home/mariana/.m2/repository/org/codehaus/jackson/jackson-core-asl/1.9.2/jackson-core-asl-1.9.2.jar:/home/mariana/.m2/repository/org/codehaus/jackson/jackson-mapper-asl/1.9.2/jackson-mapper-asl-1.9.2.jar:/home/mariana/.m2/repository/com/googlecode/json-simple/json-simple/1.1/json-simple-1.1.jar:/home/mariana/.m2/repository/com/boundary/high-scale-lib/1.0.6/high-scale-lib-1.0.6.jar:/home/mariana/.m2/repository/org/yaml/snakeyaml/1.11/snakeyaml-1.11.jar:/home/mariana/.m2/repository/org/mindrot/jbcrypt/0.3m/jbcrypt-0.3m.jar:/home/mariana/.m2/repository/com/addthis/metrics/reporter-config3/3.0.0/reporter-config3-3.0.0.jar:/home/mariana/.m2/repository/com/addthis/metrics/reporter-config-base/3.0.0/reporter-config-base-3.0.0.jar:/home/mariana/.m2/repository/com/thinkaurelius/thrift/thrift-server/0.3.7/thrift-server-0.3.7.jar:/home/mariana/.m2/repository/com/lmax/disruptor/3.0.1/disruptor-3.0.1.jar:/home/mariana/.m2/repository/com/clearspring/analytics/stream/2.5.2/stream-2.5.2.jar:/home/mariana/.m2/repository/it/unimi/dsi/fastutil/6.5.7/fastutil-6.5.7.jar:/home/mariana/.m2/repository/org/apache/thrift/libthrift/0.9.2/libthrift-0.9.2.jar:/home/mariana/.m2/repository/org/apache/cassandra/cassandra-thrift/3.4/cassandra-thrift-3.4.jar:/home/mariana/.m2/repository/com/carrotsearch/hppc/0.5.4/hppc-0.5.4.jar:/home/mariana/.m2/repository/de/jflex/jflex/1.6.0/jflex-1.6.0.jar:/home/mariana/.m2/repository/org/apache/ant/ant/1.7.0/ant-1.7.0.jar:/home/mariana/.m2/repository/org/apache/ant/ant-launcher/1.7.0/ant-launcher-1.7.0.jar:/home/mariana/.m2/repository/net/mintern/primitive/1.0/primitive-1.0.jar:/home/mariana/.m2/repository/com/github/rholder/snowball-stemmer/1.3.0.581.1/snowball-stemmer-1.3.0.581.1.jar:/home/mariana/.m2/repository/com/googlecode/concurrent-trees/concurrent-trees/2.4.0/concurrent-trees-2.4.0.jar:/home/mariana/.m2/repository/net/java/dev/jna/jna/4.0.0/jna-4.0.0.jar:/home/mariana/.m2/repository/com/github/jbellis/jamm/0.3.0/jamm-0.3.0.jar:/home/mariana/.m2/repository/joda-time/joda-time/2.4/joda-time-2.4.jar:/home/mariana/.m2/repository/org/fusesource/sigar/1.6.4/sigar-1.6.4.jar:/home/mariana/.m2/repository/org/eclipse/jdt/core/compiler/ecj/4.4.2/ecj-4.4.2.jar:/home/mariana/.m2/repository/org/caffinitas/ohc/ohc-core/0.4.2/ohc-core-0.4.2.jar:/home/mariana/.m2/repository/org/apache/commons/commons-lang3/3.4/commons-lang3-3.4.jar:/home/mariana/.m2/repository/io/netty/netty-handler/4.0.27.Final/netty-handler-4.0.27.Final.jar:/home/mariana/.m2/repository/io/netty/netty-buffer/4.0.27.Final/netty-buffer-4.0.27.Final.jar:/home/mariana/.m2/repository/io/netty/netty-common/4.0.27.Final/netty-common-4.0.27.Final.jar:/home/mariana/.m2/repository/io/netty/netty-transport/4.0.27.Final/netty-transport-4.0.27.Final.jar:/home/mariana/.m2/repository/io/netty/netty-codec/4.0.27.Final/netty-codec-4.0.27.Final.jar:/home/mariana/.m2/repository/org/hamcrest/hamcrest-library/1.3/hamcrest-library-1.3.jar:/home/mariana/.m2/repository/com/codahale/metrics/metrics-core/3.0.2/metrics-core-3.0.2.jar:/home/mariana/.m2/repository/io/netty/netty/3.9.0.Final/netty-3.9.0.Final.jar:/home/mariana/.m2/repository/com/datastax/oss/java-driver-core/4.13.0/java-driver-core-4.13.0.jar:/home/mariana/.m2/repository/com/datastax/oss/native-protocol/1.5.0/native-protocol-1.5.0.jar:/home/mariana/.m2/repository/com/datastax/oss/java-driver-shaded-guava/25.1-jre-graal-sub-1/java-driver-shaded-guava-25.1-jre-graal-sub-1.jar:/home/mariana/.m2/repository/com/typesafe/config/1.4.1/config-1.4.1.jar:/home/mariana/.m2/repository/com/github/jnr/jnr-posix/3.1.5/jnr-posix-3.1.5.jar:/home/mariana/.m2/repository/com/github/jnr/jnr-ffi/2.2.2/jnr-ffi-2.2.2.jar:/home/mariana/.m2/repository/com/github/jnr/jffi/1.3.1/jffi-1.3.1.jar:/home/mariana/.m2/repository/com/github/jnr/jffi/1.3.1/jffi-1.3.1-native.jar:/home/mariana/.m2/repository/org/ow2/asm/asm/9.1/asm-9.1.jar:/home/mariana/.m2/repository/org/ow2/asm/asm-commons/9.1/asm-commons-9.1.jar:/home/mariana/.m2/repository/org/ow2/asm/asm-analysis/9.1/asm-analysis-9.1.jar:/home/mariana/.m2/repository/org/ow2/asm/asm-tree/9.1/asm-tree-9.1.jar:/home/mariana/.m2/repository/org/ow2/asm/asm-util/9.1/asm-util-9.1.jar:/home/mariana/.m2/repository/com/github/jnr/jnr-a64asm/1.0.0/jnr-a64asm-1.0.0.jar:/home/mariana/.m2/repository/com/github/jnr/jnr-x86asm/1.0.2/jnr-x86asm-1.0.2.jar:/home/mariana/.m2/repository/com/github/jnr/jnr-constants/0.10.1/jnr-constants-0.10.1.jar:/home/mariana/.m2/repository/io/dropwizard/metrics/metrics-core/4.1.18/metrics-core-4.1.18.jar:/home/mariana/.m2/repository/org/hdrhistogram/HdrHistogram/2.1.12/HdrHistogram-2.1.12.jar:/home/mariana/.m2/repository/com/esri/geometry/esri-geometry-api/1.2.1/esri-geometry-api-1.2.1.jar:/home/mariana/.m2/repository/org/json/json/20090211/json-20090211.jar:/home/mariana/.m2/repository/com/fasterxml/jackson/core/jackson-core/2.12.2/jackson-core-2.12.2.jar:/home/mariana/.m2/repository/com/fasterxml/jackson/core/jackson-databind/2.12.2/jackson-databind-2.12.2.jar:/home/mariana/.m2/repository/com/fasterxml/jackson/core/jackson-annotations/2.12.2/jackson-annotations-2.12.2.jar:/home/mariana/.m2/repository/org/reactivestreams/reactive-streams/1.0.3/reactive-streams-1.0.3.jar:/home/mariana/.m2/repository/com/github/stephenc/jcip/jcip-annotations/1.0-1/jcip-annotations-1.0-1.jar:/home/mariana/.m2/repository/com/github/spotbugs/spotbugs-annotations/3.1.12/spotbugs-annotations-3.1.12.jar:/home/mariana/.m2/repository/com/google/code/findbugs/jsr305/3.0.2/jsr305-3.0.2.jar:"/>
    <property name="java.vm.vendor" value="Ubuntu"/>
    <property name="sun.arch.data.model" value="64"/>
    <property name="java.vendor.url" value="https://ubuntu.com/"/>
    <property name="user.timezone" value=""/>
    <property name="java.vm.specification.version" value="11"/>
    <property name="os.name" value="Linux"/>
    <property name="sun.java.launcher" value="SUN_STANDARD"/>
    <property name="user.country" value="PT"/>
    <property name="sun.boot.library.path" value="/usr/lib/jvm/java-11-openjdk-amd64/lib"/>
    <property name="sun.java.command" value="/home/mariana/Desktop/CBD/CBD-Classes/Lab3/demo/target/surefire/surefirebooter838914202258727209.jar /home/mariana/Desktop/CBD/CBD-Classes/Lab3/demo/target/surefire 2021-12-17T18-49-31_921-jvmRun1 surefire1523298376087203381tmp surefire_08570546431115299266tmp"/>
    <property name="jdk.debug" value="release"/>
    <property name="surefire.test.class.path" value="/home/mariana/Desktop/CBD/CBD-Classes/Lab3/demo/target/test-classes:/home/mariana/Desktop/CBD/CBD-Classes/Lab3/demo/target/classes:/home/mariana/.m2/repository/junit/junit/4.11/junit-4.11.jar:/home/mariana/.m2/repository/org/hamcrest/hamcrest-core/1.3/hamcrest-core-1.3.jar:/home/mariana/.m2/repository/org/slf4j/slf4j-api/1.7.5/slf4j-api-1.7.5.jar:/home/mariana/.m2/repository/com/datastax/cassandra/cassandra-driver-core/2.0.2/cassandra-driver-core-2.0.2.jar:/home/mariana/.m2/repository/com/google/guava/guava/16.0.1/guava-16.0.1.jar:/home/mariana/.m2/repository/org/cassandraunit/cassandra-unit/3.0.0.1/cassandra-unit-3.0.0.1.jar:/home/mariana/.m2/repository/org/apache/cassandra/cassandra-all/3.4/cassandra-all-3.4.jar:/home/mariana/.m2/repository/org/xerial/snappy/snappy-java/1.1.1.7/snappy-java-1.1.1.7.jar:/home/mariana/.m2/repository/net/jpountz/lz4/lz4/1.3.0/lz4-1.3.0.jar:/home/mariana/.m2/repository/com/ning/compress-lzf/0.8.4/compress-lzf-0.8.4.jar:/home/mariana/.m2/repository/commons-cli/commons-cli/1.1/commons-cli-1.1.jar:/home/mariana/.m2/repository/commons-codec/commons-codec/1.2/commons-codec-1.2.jar:/home/mariana/.m2/repository/org/apache/commons/commons-math3/3.2/commons-math3-3.2.jar:/home/mariana/.m2/repository/com/googlecode/concurrentlinkedhashmap/concurrentlinkedhashmap-lru/1.4/concurrentlinkedhashmap-lru-1.4.jar:/home/mariana/.m2/repository/org/antlr/antlr/3.5.2/antlr-3.5.2.jar:/home/mariana/.m2/repository/org/antlr/ST4/4.0.8/ST4-4.0.8.jar:/home/mariana/.m2/repository/org/antlr/antlr-runtime/3.5.2/antlr-runtime-3.5.2.jar:/home/mariana/.m2/repository/org/slf4j/jcl-over-slf4j/1.7.7/jcl-over-slf4j-1.7.7.jar:/home/mariana/.m2/repository/org/codehaus/jackson/jackson-core-asl/1.9.2/jackson-core-asl-1.9.2.jar:/home/mariana/.m2/repository/org/codehaus/jackson/jackson-mapper-asl/1.9.2/jackson-mapper-asl-1.9.2.jar:/home/mariana/.m2/repository/com/googlecode/json-simple/json-simple/1.1/json-simple-1.1.jar:/home/mariana/.m2/repository/com/boundary/high-scale-lib/1.0.6/high-scale-lib-1.0.6.jar:/home/mariana/.m2/repository/org/yaml/snakeyaml/1.11/snakeyaml-1.11.jar:/home/mariana/.m2/repository/org/mindrot/jbcrypt/0.3m/jbcrypt-0.3m.jar:/home/mariana/.m2/repository/com/addthis/metrics/reporter-config3/3.0.0/reporter-config3-3.0.0.jar:/home/mariana/.m2/repository/com/addthis/metrics/reporter-config-base/3.0.0/reporter-config-base-3.0.0.jar:/home/mariana/.m2/repository/com/thinkaurelius/thrift/thrift-server/0.3.7/thrift-server-0.3.7.jar:/home/mariana/.m2/repository/com/lmax/disruptor/3.0.1/disruptor-3.0.1.jar:/home/mariana/.m2/repository/com/clearspring/analytics/stream/2.5.2/stream-2.5.2.jar:/home/mariana/.m2/repository/it/unimi/dsi/fastutil/6.5.7/fastutil-6.5.7.jar:/home/mariana/.m2/repository/org/apache/thrift/libthrift/0.9.2/libthrift-0.9.2.jar:/home/mariana/.m2/repository/org/apache/cassandra/cassandra-thrift/3.4/cassandra-thrift-3.4.jar:/home/mariana/.m2/repository/com/carrotsearch/hppc/0.5.4/hppc-0.5.4.jar:/home/mariana/.m2/repository/de/jflex/jflex/1.6.0/jflex-1.6.0.jar:/home/mariana/.m2/repository/org/apache/ant/ant/1.7.0/ant-1.7.0.jar:/home/mariana/.m2/repository/org/apache/ant/ant-launcher/1.7.0/ant-launcher-1.7.0.jar:/home/mariana/.m2/repository/net/mintern/primitive/1.0/primitive-1.0.jar:/home/mariana/.m2/repository/com/github/rholder/snowball-stemmer/1.3.0.581.1/snowball-stemmer-1.3.0.581.1.jar:/home/mariana/.m2/repository/com/googlecode/concurrent-trees/concurrent-trees/2.4.0/concurrent-trees-2.4.0.jar:/home/mariana/.m2/repository/net/java/dev/jna/jna/4.0.0/jna-4.0.0.jar:/home/mariana/.m2/repository/com/github/jbellis/jamm/0.3.0/jamm-0.3.0.jar:/home/mariana/.m2/repository/joda-time/joda-time/2.4/joda-time-2.4.jar:/home/mariana/.m2/repository/org/fusesource/sigar/1.6.4/sigar-1.6.4.jar:/home/mariana/.m2/repository/org/eclipse/jdt/core/compiler/ecj/4.4.2/ecj-4.4.2.jar:/home/mariana/.m2/repository/org/caffinitas/ohc/ohc-core/0.4.2/ohc-core-0.4.2.jar:/home/mariana/.m2/repository/org/apache/commons/commons-lang3/3.4/commons-lang3-3.4.jar:/home/mariana/.m2/repository/io/netty/netty-handler/4.0.27.Final/netty-handler-4.0.27.Final.jar:/home/mariana/.m2/repository/io/netty/netty-buffer/4.0.27.Final/netty-buffer-4.0.27.Final.jar:/home/mariana/.m2/repository/io/netty/netty-common/4.0.27.Final/netty-common-4.0.27.Final.jar:/home/mariana/.m2/repository/io/netty/netty-transport/4.0.27.Final/netty-transport-4.0.27.Final.jar:/home/mariana/.m2/repository/io/netty/netty-codec/4.0.27.Final/netty-codec-4.0.27.Final.jar:/home/mariana/.m2/repository/org/hamcrest/hamcrest-library/1.3/hamcrest-library-1.3.jar:/home/mariana/.m2/repository/com/codahale/metrics/metrics-core/3.0.2/metrics-core-3.0.2.jar:/home/mariana/.m2/repository/io/netty/netty/3.9.0.Final/netty-3.9.0.Final.jar:/home/mariana/.m2/repository/com/datastax/oss/java-driver-core/4.13.0/java-driver-core-4.13.0.jar:/home/mariana/.m2/repository/com/datastax/oss/native-protocol/1.5.0/native-protocol-1.5.0.jar:/home/mariana/.m2/repository/com/datastax/oss/java-driver-shaded-guava/25.1-jre-graal-sub-1/java-driver-shaded-guava-25.1-jre-graal-sub-1.jar:/home/mariana/.m2/repository/com/typesafe/config/1.4.1/config-1.4.1.jar:/home/mariana/.m2/repository/com/github/jnr/jnr-posix/3.1.5/jnr-posix-3.1.5.jar:/home/mariana/.m2/repository/com/github/jnr/jnr-ffi/2.2.2/jnr-ffi-2.2.2.jar:/home/mariana/.m2/repository/com/github/jnr/jffi/1.3.1/jffi-1.3.1.jar:/home/mariana/.m2/repository/com/github/jnr/jffi/1.3.1/jffi-1.3.1-native.jar:/home/mariana/.m2/repository/org/ow2/asm/asm/9.1/asm-9.1.jar:/home/mariana/.m2/repository/org/ow2/asm/asm-commons/9.1/asm-commons-9.1.jar:/home/mariana/.m2/repository/org/ow2/asm/asm-analysis/9.1/asm-analysis-9.1.jar:/home/mariana/.m2/repository/org/ow2/asm/asm-tree/9.1/asm-tree-9.1.jar:/home/mariana/.m2/repository/org/ow2/asm/asm-util/9.1/asm-util-9.1.jar:/home/mariana/.m2/repository/com/github/jnr/jnr-a64asm/1.0.0/jnr-a64asm-1.0.0.jar:/home/mariana/.m2/repository/com/github/jnr/jnr-x86asm/1.0.2/jnr-x86asm-1.0.2.jar:/home/mariana/.m2/repository/com/github/jnr/jnr-constants/0.10.1/jnr-constants-0.10.1.jar:/home/mariana/.m2/repository/io/dropwizard/metrics/metrics-core/4.1.18/metrics-core-4.1.18.jar:/home/mariana/.m2/repository/org/hdrhistogram/HdrHistogram/2.1.12/HdrHistogram-2.1.12.jar:/home/mariana/.m2/repository/com/esri/geometry/esri-geometry-api/1.2.1/esri-geometry-api-1.2.1.jar:/home/mariana/.m2/repository/org/json/json/20090211/json-20090211.jar:/home/mariana/.m2/repository/com/fasterxml/jackson/core/jackson-core/2.12.2/jackson-core-2.12.2.jar:/home/mariana/.m2/repository/com/fasterxml/jackson/core/jackson-databind/2.12.2/jackson-databind-2.12.2.jar:/home/mariana/.m2/repository/com/fasterxml/jackson/core/jackson-annotations/2.12.2/jackson-annotations-2.12.2.jar:/home/mariana/.m2/repository/org/reactivestreams/reactive-streams/1.0.3/reactive-streams-1.0.3.jar:/home/mariana/.m2/repository/com/github/stephenc/jcip/jcip-annotations/1.0-1/jcip-annotations-1.0-1.jar:/home/mariana/.m2/repository/com/github/spotbugs/spotbugs-annotations/3.1.12/spotbugs-annotations-3.1.12.jar:/home/mariana/.m2/repository/com/google/code/findbugs/jsr305/3.0.2/jsr305-3.0.2.jar:"/>
    <property name="sun.cpu.endian" value="little"/>
    <property name="user.home" value="/home/mariana"/>
    <property name="user.language" value="pt"/>
    <property name="java.specification.vendor" value="Oracle Corporation"/>
    <property name="java.version.date" value="2021-04-20"/>
    <property name="java.home" value="/usr/lib/jvm/java-11-openjdk-amd64"/>
    <property name="file.separator" value="/"/>
    <property name="basedir" value="/home/mariana/Desktop/CBD/CBD-Classes/Lab3/demo"/>
    <property name="java.vm.compressedOopsMode" value="Zero based"/>
    <property name="line.separator" value="&#10;"/>
    <property name="java.specification.name" value="Java Platform API Specification"/>
    <property name="java.vm.specification.vendor" value="Oracle Corporation"/>
    <property name="java.awt.graphicsenv" value="sun.awt.X11GraphicsEnvironment"/>
    <property name="surefire.real.class.path" value="/home/mariana/Desktop/CBD/CBD-Classes/Lab3/demo/target/surefire/surefirebooter838914202258727209.jar"/>
    <property name="sun.management.compiler" value="HotSpot 64-Bit Tiered Compilers"/>
    <property name="java.runtime.version" value="11.0.11+9-Ubuntu-0ubuntu2.20.04"/>
    <property name="user.name" value="mariana"/>
    <property name="path.separator" value=":"/>
    <property name="os.version" value="5.11.0-41-generic"/>
    <property name="java.runtime.name" value="OpenJDK Runtime Environment"/>
    <property name="file.encoding" value="UTF-8"/>
    <property name="java.vm.name" value="OpenJDK 64-Bit Server VM"/>
    <property name="localRepository" value="/home/mariana/.m2/repository"/>
    <property name="java.vendor.url.bug" value="https://bugs.launchpad.net/ubuntu/+source/openjdk-lts"/>
    <property name="java.io.tmpdir" value="/tmp"/>
    <property name="java.version" value="11.0.11"/>
    <property name="user.dir" value="/home/mariana/Desktop/CBD/CBD-Classes/Lab3/demo"/>
    <property name="os.arch" value="amd64"/>
    <property name="java.vm.specification.name" value="Java Virtual Machine Specification"/>
    <property name="java.awt.printerjob" value="sun.print.PSPrinterJob"/>
    <property name="sun.os.patch.level" value="unknown"/>
    <property name="java.library.path" value="/usr/java/packages/lib:/usr/lib/x86_64-linux-gnu/jni:/lib/x86_64-linux-gnu:/usr/lib/x86_64-linux-gnu:/usr/lib/jni:/lib:/usr/lib"/>
    <property name="java.vm.info" value="mixed mode, sharing"/>
    <property name="java.vendor" value="Ubuntu"/>
    <property name="java.vm.version" value="11.0.11+9-Ubuntu-0ubuntu2.20.04"/>
    <property name="sun.io.unicode.encoding" value="UnicodeLittle"/>
    <property name="java.class.version" value="55.0"/>
  </properties>
  <testcase name="shouldAnswerWithTrue" classname="com.cbd3.AppTest" time="0.002"/>
</testsuite>